<?xml version="1.0" encoding="UTF-8"?>
<!-- Generated by org.testng.reporters.JUnitXMLReporter -->
<testsuite ignored="15" hostname="Rutamsoft" failures="0" tests="1" name="Default test" time="35.529" errors="0" timestamp="2025-10-16T11:11:05 IST">
  <testcase classname="Test_Package.Test_Class_Searching_Sorting_MM" name="Common_Search_Function" time="25.792"/>
  <testcase classname="Test_Package.Test_Class_Searching_Sorting_MM" name="Advanced_SearchBy_StockQty" time="0.0">
    <ignored/>
  </testcase> <!-- Advanced_SearchBy_StockQty -->
  <testcase classname="Test_Package.Test_Class_Searching_Sorting_MM" name="Advanced_SearchBy_MReqDate_Yellow" time="0.0">
    <ignored/>
  </testcase> <!-- Advanced_SearchBy_MReqDate_Yellow -->
  <testcase classname="Test_Package.Test_Class_Searching_Sorting_MM" name="Advanced_SearchBy_PO_Partially_Recieved" time="0.0">
    <ignored/>
  </testcase> <!-- Advanced_SearchBy_PO_Partially_Recieved -->
  <testcase classname="Test_Package.Test_Class_Searching_Sorting_MM" name="Advanced_SearchBy_PO_Cancelled" time="0.0">
    <ignored/>
  </testcase> <!-- Advanced_SearchBy_PO_Cancelled -->
  <testcase classname="Test_Package.Test_Class_Searching_Sorting_MM" name="Show_Hide_Functionality" time="0.0">
    <ignored/>
  </testcase> <!-- Show_Hide_Functionality -->
  <testcase classname="Test_Package.Test_Class_Searching_Sorting_MM" name="Advanced_SearchBy_VendorSPAData" time="0.0">
    <ignored/>
  </testcase> <!-- Advanced_SearchBy_VendorSPAData -->
  <testcase classname="Test_Package.Test_Class_Searching_Sorting_MM" name="Advanced_SearchBy_ApprovalTimestamp" time="0.0">
    <ignored/>
  </testcase> <!-- Advanced_SearchBy_ApprovalTimestamp -->
  <testcase classname="Test_Package.Test_Class_Searching_Sorting_MM" name="Advanced_SearchBy_Task" time="0.0">
    <ignored/>
  </testcase> <!-- Advanced_SearchBy_Task -->
  <testcase classname="Test_Package.Test_Class_Searching_Sorting_MM" name="Advanced_SearchBy_PO_Complete" time="0.0">
    <ignored/>
  </testcase> <!-- Advanced_SearchBy_PO_Complete -->
  <testcase classname="Test_Package.Test_Class_Searching_Sorting_MM" name="Advanced_SearchBy_Vendor" time="0.0">
    <ignored/>
  </testcase> <!-- Advanced_SearchBy_Vendor -->
  <testcase classname="Test_Package.Test_Class_Searching_Sorting_MM" name="Advanced_SearchBy_CatlogNo" time="0.0">
    <ignored/>
  </testcase> <!-- Advanced_SearchBy_CatlogNo -->
  <testcase classname="Test_Package.Test_Class_Searching_Sorting_MM" name="Advanced_SearchBy_PO_Active" time="0.0">
    <ignored/>
  </testcase> <!-- Advanced_SearchBy_PO_Active -->
  <testcase classname="Test_Package.Test_Class_Searching_Sorting_MM" name="Advanced_SearchBy_Description" time="0.0">
    <ignored/>
  </testcase> <!-- Advanced_SearchBy_Description -->
  <testcase classname="Test_Package.Test_Class_Searching_Sorting_MM" name="Advanced_SearchBy_Make" time="0.0">
    <ignored/>
  </testcase> <!-- Advanced_SearchBy_Make -->
  <testcase classname="Test_Package.Test_Class_Searching_Sorting_MM" name="Advanced_SearchBy_MReqDate_Green" time="0.0">
    <ignored/>
  </testcase> <!-- Advanced_SearchBy_MReqDate_Green -->
</testsuite> <!-- Default test -->
