<?xml version="1.0" encoding="UTF-8"?>
<!-- Generated by org.testng.reporters.JUnitReportReporter -->
<testsuite hostname="Rutamsoft" failures="0" tests="5" name="Test_Package_TT.Testclass_For_PendingPM" time="32.034" errors="0" timestamp="2025-09-02T10:25:43 IST" skipped="4">
  <testcase classname="Test_Package_TT.Testclass_For_PendingPM" name="SimpleSearch_Function" time="32.034"/>
  <testcase classname="Test_Package_TT.Testclass_For_PendingPM" name="ApproveAllPM_Function">
    <skipped/>
  </testcase> <!-- ApproveAllPM_Function -->
  <testcase classname="Test_Package_TT.Testclass_For_PendingPM" name="RejectPM_Function">
    <skipped/>
  </testcase> <!-- RejectPM_Function -->
  <testcase classname="Test_Package_TT.Testclass_For_PendingPM" name="RejectAllPM_Function">
    <skipped/>
  </testcase> <!-- RejectAllPM_Function -->
  <testcase classname="Test_Package_TT.Testclass_For_PendingPM" name="ApprovePM_Function">
    <skipped/>
  </testcase> <!-- ApprovePM_Function -->
</testsuite> <!-- Test_Package_TT.Testclass_For_PendingPM -->
