<?xml version="1.0" encoding="UTF-8"?>
<!-- Generated by org.testng.reporters.JUnitReportReporter -->
<testsuite hostname="Rutamsoft" failures="0" tests="2" name="Test_Package_TT.Testclass_For_Self" time="20.308" errors="0" timestamp="2025-09-10T14:37:34 IST" skipped="1">
  <testcase classname="Test_Package_TT.Testclass_For_Self" name="SimpleSearch" time="20.308"/>
  <testcase classname="Test_Package_TT.Testclass_For_Self" name="AdvancedSearch_ByDate">
    <skipped/>
  </testcase> <!-- AdvancedSearch_ByDate -->
</testsuite> <!-- Test_Package_TT.Testclass_For_Self -->
