<?xml version="1.0" encoding="UTF-8"?>
<!-- Generated by org.testng.reporters.JUnitReportReporter -->
<testsuite hostname="Rutamsoft" failures="0" tests="1" name="Test_Package.Test_Class_For_BOM_Actions_Button_Functions" time="26.728" errors="0" timestamp="2025-08-01T18:16:23 IST" skipped="0">
  <testcase classname="Test_Package.Test_Class_For_BOM_Actions_Button_Functions" name="Synch_DiscPrice_Funcionality" time="26.728"/>
</testsuite> <!-- Test_Package.Test_Class_For_BOM_Actions_Button_Functions -->
