<?xml version="1.0" encoding="UTF-8"?>
<!-- Generated by org.testng.reporters.JUnitReportReporter -->
<testsuite hostname="Rutamsoft" failures="0" tests="1" name="Test_Package_Items.Test_Class_Search_Functionality_Items" time="87.908" errors="0" timestamp="2025-09-18T11:09:16 IST" skipped="0">
  <testcase classname="Test_Package_Items.Test_Class_Search_Functionality_Items" name="Advance_search_using_column" time="87.908"/>
</testsuite> <!-- Test_Package_Items.Test_Class_Search_Functionality_Items -->
